{"C:\\HiAI\\TestGit\\src\\app.js": {"path":"C:\\HiAI\\TestGit\\src\\app.js","statementMap":{"0":{"start":{"line":3,"column":1},"end":{"line":3,"column":14}},"1":{"start":{"line":6,"column":0},"end":{"line":8,"column":1}},"2":{"start":{"line":7,"column":1},"end":{"line":7,"column":50}},"3":{"start":{"line":10,"column":0},"end":{"line":10,"column":25}}},"fnMap":{"0":{"name":"sum","decl":{"start":{"line":2,"column":9},"end":{"line":2,"column":12}},"loc":{"start":{"line":2,"column":19},"end":{"line":4,"column":1}},"line":2}},"branchMap":{"0":{"loc":{"start":{"line":6,"column":0},"end":{"line":8,"column":1}},"type":"if","locations":[{"start":{"line":6,"column":0},"end":{"line":8,"column":1}},{"start":{},"end":{}}],"line":6}},"s":{"0":2,"1":1,"2":0,"3":1},"f":{"0":2},"b":{"0":[0,1]},"_coverageSchema":"1a1c01bbd47fc00a2c39e90264f33305004495a9","hash":"8478dc736a064519f04b3ebff22c444dbc611618"}
}
